<?xml version="1.0" encoding="UTF-8"?>
<!-- Generated by org.testng.reporters.JUnitReportReporter -->
<testsuite hostname="DESKTOP-VV8P387" failures="0" tests="3" name="com.calculator.testing.TestCalculator" time="8.849" errors="0" timestamp="2022-08-23T14:59:52 ICT" skipped="0">
  <testcase classname="com.calculator.testing.TestCalculator" name="testMinus" time="3.253"/>
  <system-out/>
  <testcase classname="com.calculator.testing.TestCalculator" name="testDiv" time="2.795"/>
  <system-out/>
  <testcase classname="com.calculator.testing.TestCalculator" name="testMultiple" time="2.801"/>
  <system-out/>
</testsuite> <!-- com.calculator.testing.TestCalculator -->
